2019-01-09T21:41:22+00:00 CRITICAL Uncaught Error: Call to undefined function submit_button() in /var/www/html/wp-admin/includes/file.php:1767
Stack trace:
#0 /var/www/html/wp-content/plugins/trx_utils/includes/plugin.files.php(308): request_filesystem_credentials('http://sisbioec...', 'ftpext', false, false, Array)
#1 /var/www/html/wp-includes/class-wp-hook.php(286): trx_utils_init_filesystem('')
#2 /var/www/html/wp-includes/class-wp-hook.php(310): WP_Hook->apply_filters('', Array)
#3 /var/www/html/wp-includes/plugin.php(453): WP_Hook->do_action(Array)
#4 /var/www/html/wp-settings.php(434): do_action('after_setup_the...')
#5 /var/www/html/wp-config.php(81): require_once('/var/www/html/w...')
#6 /var/www/html/wp-load.php(37): require_once('/var/www/html/w...')
#7 /var/www/html/wp-admin/admin-ajax.php(22): require_once('/var/www/html/w...')
#8 {main}
  thrown in /var/www/html/wp-admin/includes/file.php on line 1767

2019-01-09T21:41:37+00:00 CRITICAL Uncaught Error: Call to undefined function submit_button() in /var/www/html/wp-admin/includes/file.php:1767
Stack trace:
#0 /var/www/html/wp-content/plugins/trx_utils/includes/plugin.files.php(308): request_filesystem_credentials('http://sisbioec...', 'ftpext', false, false, Array)
#1 /var/www/html/wp-includes/class-wp-hook.php(286): trx_utils_init_filesystem('')
#2 /var/www/html/wp-includes/class-wp-hook.php(310): WP_Hook->apply_filters('', Array)
#3 /var/www/html/wp-includes/plugin.php(453): WP_Hook->do_action(Array)
#4 /var/www/html/wp-settings.php(434): do_action('after_setup_the...')
#5 /var/www/html/wp-config.php(81): require_once('/var/www/html/w...')
#6 /var/www/html/wp-load.php(37): require_once('/var/www/html/w...')
#7 /var/www/html/wp-admin/admin-ajax.php(22): require_once('/var/www/html/w...')
#8 {main}
  thrown in /var/www/html/wp-admin/includes/file.php on line 1767

2019-01-09T21:41:56+00:00 CRITICAL Uncaught Error: Call to undefined function submit_button() in /var/www/html/wp-admin/includes/file.php:1767
Stack trace:
#0 /var/www/html/wp-content/plugins/trx_utils/includes/plugin.files.php(308): request_filesystem_credentials('http://sisbioec...', 'ftpext', false, false, Array)
#1 /var/www/html/wp-includes/class-wp-hook.php(286): trx_utils_init_filesystem('')
#2 /var/www/html/wp-includes/class-wp-hook.php(310): WP_Hook->apply_filters('', Array)
#3 /var/www/html/wp-includes/plugin.php(453): WP_Hook->do_action(Array)
#4 /var/www/html/wp-settings.php(434): do_action('after_setup_the...')
#5 /var/www/html/wp-config.php(81): require_once('/var/www/html/w...')
#6 /var/www/html/wp-load.php(37): require_once('/var/www/html/w...')
#7 /var/www/html/wp-admin/admin-ajax.php(22): require_once('/var/www/html/w...')
#8 {main}
  thrown in /var/www/html/wp-admin/includes/file.php on line 1767

2019-01-09T21:42:11+00:00 CRITICAL Uncaught Error: Call to undefined function submit_button() in /var/www/html/wp-admin/includes/file.php:1767
Stack trace:
#0 /var/www/html/wp-content/plugins/trx_utils/includes/plugin.files.php(308): request_filesystem_credentials('http://sisbioec...', 'ftpext', false, false, Array)
#1 /var/www/html/wp-includes/class-wp-hook.php(286): trx_utils_init_filesystem('')
#2 /var/www/html/wp-includes/class-wp-hook.php(310): WP_Hook->apply_filters('', Array)
#3 /var/www/html/wp-includes/plugin.php(453): WP_Hook->do_action(Array)
#4 /var/www/html/wp-settings.php(434): do_action('after_setup_the...')
#5 /var/www/html/wp-config.php(81): require_once('/var/www/html/w...')
#6 /var/www/html/wp-load.php(37): require_once('/var/www/html/w...')
#7 /var/www/html/wp-admin/admin-ajax.php(22): require_once('/var/www/html/w...')
#8 {main}
  thrown in /var/www/html/wp-admin/includes/file.php on line 1767

2019-01-09T21:42:26+00:00 CRITICAL Uncaught Error: Call to undefined function submit_button() in /var/www/html/wp-admin/includes/file.php:1767
Stack trace:
#0 /var/www/html/wp-content/plugins/trx_utils/includes/plugin.files.php(308): request_filesystem_credentials('http://sisbioec...', 'ftpext', false, false, Array)
#1 /var/www/html/wp-includes/class-wp-hook.php(286): trx_utils_init_filesystem('')
#2 /var/www/html/wp-includes/class-wp-hook.php(310): WP_Hook->apply_filters('', Array)
#3 /var/www/html/wp-includes/plugin.php(453): WP_Hook->do_action(Array)
#4 /var/www/html/wp-settings.php(434): do_action('after_setup_the...')
#5 /var/www/html/wp-config.php(81): require_once('/var/www/html/w...')
#6 /var/www/html/wp-load.php(37): require_once('/var/www/html/w...')
#7 /var/www/html/wp-admin/admin-ajax.php(22): require_once('/var/www/html/w...')
#8 {main}
  thrown in /var/www/html/wp-admin/includes/file.php on line 1767

2019-01-09T21:43:34+00:00 CRITICAL Uncaught Error: Call to undefined function submit_button() in /var/www/html/wp-admin/includes/file.php:1767
Stack trace:
#0 /var/www/html/wp-content/plugins/trx_utils/includes/plugin.files.php(308): request_filesystem_credentials('http://sisbioec...', 'ftpext', false, false, Array)
#1 /var/www/html/wp-includes/class-wp-hook.php(286): trx_utils_init_filesystem('')
#2 /var/www/html/wp-includes/class-wp-hook.php(310): WP_Hook->apply_filters('', Array)
#3 /var/www/html/wp-includes/plugin.php(453): WP_Hook->do_action(Array)
#4 /var/www/html/wp-settings.php(434): do_action('after_setup_the...')
#5 /var/www/html/wp-config.php(81): require_once('/var/www/html/w...')
#6 /var/www/html/wp-load.php(37): require_once('/var/www/html/w...')
#7 /var/www/html/wp-admin/admin-ajax.php(22): require_once('/var/www/html/w...')
#8 {main}
  thrown in /var/www/html/wp-admin/includes/file.php on line 1767

2019-01-09T21:43:50+00:00 CRITICAL Uncaught Error: Call to undefined function submit_button() in /var/www/html/wp-admin/includes/file.php:1767
Stack trace:
#0 /var/www/html/wp-content/plugins/trx_utils/includes/plugin.files.php(308): request_filesystem_credentials('http://sisbioec...', 'ftpext', false, false, Array)
#1 /var/www/html/wp-includes/class-wp-hook.php(286): trx_utils_init_filesystem('')
#2 /var/www/html/wp-includes/class-wp-hook.php(310): WP_Hook->apply_filters('', Array)
#3 /var/www/html/wp-includes/plugin.php(453): WP_Hook->do_action(Array)
#4 /var/www/html/wp-settings.php(434): do_action('after_setup_the...')
#5 /var/www/html/wp-config.php(81): require_once('/var/www/html/w...')
#6 /var/www/html/wp-load.php(37): require_once('/var/www/html/w...')
#7 /var/www/html/wp-admin/admin-ajax.php(22): require_once('/var/www/html/w...')
#8 {main}
  thrown in /var/www/html/wp-admin/includes/file.php on line 1767

2019-01-09T21:44:26+00:00 CRITICAL Uncaught Error: Call to undefined function submit_button() in /var/www/html/wp-admin/includes/file.php:1767
Stack trace:
#0 /var/www/html/wp-content/plugins/trx_utils/includes/plugin.files.php(308): request_filesystem_credentials('http://sisbioec...', 'ftpext', false, false, Array)
#1 /var/www/html/wp-includes/class-wp-hook.php(286): trx_utils_init_filesystem('')
#2 /var/www/html/wp-includes/class-wp-hook.php(310): WP_Hook->apply_filters('', Array)
#3 /var/www/html/wp-includes/plugin.php(453): WP_Hook->do_action(Array)
#4 /var/www/html/wp-settings.php(434): do_action('after_setup_the...')
#5 /var/www/html/wp-config.php(81): require_once('/var/www/html/w...')
#6 /var/www/html/wp-load.php(37): require_once('/var/www/html/w...')
#7 /var/www/html/wp-admin/admin-ajax.php(22): require_once('/var/www/html/w...')
#8 {main}
  thrown in /var/www/html/wp-admin/includes/file.php on line 1767

2019-01-09T21:45:50+00:00 CRITICAL Uncaught Error: Call to undefined function submit_button() in /var/www/html/wp-admin/includes/file.php:1767
Stack trace:
#0 /var/www/html/wp-content/plugins/trx_utils/includes/plugin.files.php(308): request_filesystem_credentials('http://sisbioec...', 'ftpext', false, false, Array)
#1 /var/www/html/wp-includes/class-wp-hook.php(286): trx_utils_init_filesystem('')
#2 /var/www/html/wp-includes/class-wp-hook.php(310): WP_Hook->apply_filters('', Array)
#3 /var/www/html/wp-includes/plugin.php(453): WP_Hook->do_action(Array)
#4 /var/www/html/wp-settings.php(434): do_action('after_setup_the...')
#5 /var/www/html/wp-config.php(81): require_once('/var/www/html/w...')
#6 /var/www/html/wp-load.php(37): require_once('/var/www/html/w...')
#7 /var/www/html/wp-admin/admin-ajax.php(22): require_once('/var/www/html/w...')
#8 {main}
  thrown in /var/www/html/wp-admin/includes/file.php on line 1767

2019-01-09T21:46:26+00:00 CRITICAL Uncaught Error: Call to undefined function submit_button() in /var/www/html/wp-admin/includes/file.php:1767
Stack trace:
#0 /var/www/html/wp-content/plugins/trx_utils/includes/plugin.files.php(308): request_filesystem_credentials('http://sisbioec...', 'ftpext', false, false, Array)
#1 /var/www/html/wp-includes/class-wp-hook.php(286): trx_utils_init_filesystem('')
#2 /var/www/html/wp-includes/class-wp-hook.php(310): WP_Hook->apply_filters('', Array)
#3 /var/www/html/wp-includes/plugin.php(453): WP_Hook->do_action(Array)
#4 /var/www/html/wp-settings.php(434): do_action('after_setup_the...')
#5 /var/www/html/wp-config.php(81): require_once('/var/www/html/w...')
#6 /var/www/html/wp-load.php(37): require_once('/var/www/html/w...')
#7 /var/www/html/wp-admin/admin-ajax.php(22): require_once('/var/www/html/w...')
#8 {main}
  thrown in /var/www/html/wp-admin/includes/file.php on line 1767

2019-01-09T21:47:50+00:00 CRITICAL Uncaught Error: Call to undefined function submit_button() in /var/www/html/wp-admin/includes/file.php:1767
Stack trace:
#0 /var/www/html/wp-content/plugins/trx_utils/includes/plugin.files.php(308): request_filesystem_credentials('http://sisbioec...', 'ftpext', false, false, Array)
#1 /var/www/html/wp-includes/class-wp-hook.php(286): trx_utils_init_filesystem('')
#2 /var/www/html/wp-includes/class-wp-hook.php(310): WP_Hook->apply_filters('', Array)
#3 /var/www/html/wp-includes/plugin.php(453): WP_Hook->do_action(Array)
#4 /var/www/html/wp-settings.php(434): do_action('after_setup_the...')
#5 /var/www/html/wp-config.php(81): require_once('/var/www/html/w...')
#6 /var/www/html/wp-load.php(37): require_once('/var/www/html/w...')
#7 /var/www/html/wp-admin/admin-ajax.php(22): require_once('/var/www/html/w...')
#8 {main}
  thrown in /var/www/html/wp-admin/includes/file.php on line 1767

2019-01-09T21:48:27+00:00 CRITICAL Uncaught Error: Call to undefined function submit_button() in /var/www/html/wp-admin/includes/file.php:1767
Stack trace:
#0 /var/www/html/wp-content/plugins/trx_utils/includes/plugin.files.php(308): request_filesystem_credentials('http://sisbioec...', 'ftpext', false, false, Array)
#1 /var/www/html/wp-includes/class-wp-hook.php(286): trx_utils_init_filesystem('')
#2 /var/www/html/wp-includes/class-wp-hook.php(310): WP_Hook->apply_filters('', Array)
#3 /var/www/html/wp-includes/plugin.php(453): WP_Hook->do_action(Array)
#4 /var/www/html/wp-settings.php(434): do_action('after_setup_the...')
#5 /var/www/html/wp-config.php(81): require_once('/var/www/html/w...')
#6 /var/www/html/wp-load.php(37): require_once('/var/www/html/w...')
#7 /var/www/html/wp-admin/admin-ajax.php(22): require_once('/var/www/html/w...')
#8 {main}
  thrown in /var/www/html/wp-admin/includes/file.php on line 1767

2019-01-09T21:49:23+00:00 CRITICAL Uncaught Error: Call to undefined function submit_button() in /var/www/html/wp-admin/includes/file.php:1767
Stack trace:
#0 /var/www/html/wp-content/plugins/trx_utils/includes/plugin.files.php(308): request_filesystem_credentials('http://sisbioec...', 'ftpext', false, false, Array)
#1 /var/www/html/wp-includes/class-wp-hook.php(286): trx_utils_init_filesystem('')
#2 /var/www/html/wp-includes/class-wp-hook.php(310): WP_Hook->apply_filters('', Array)
#3 /var/www/html/wp-includes/plugin.php(453): WP_Hook->do_action(Array)
#4 /var/www/html/wp-settings.php(434): do_action('after_setup_the...')
#5 /var/www/html/wp-config.php(81): require_once('/var/www/html/w...')
#6 /var/www/html/wp-load.php(37): require_once('/var/www/html/w...')
#7 /var/www/html/wp-admin/admin-ajax.php(22): require_once('/var/www/html/w...')
#8 {main}
  thrown in /var/www/html/wp-admin/includes/file.php on line 1767

2019-01-09T21:49:25+00:00 CRITICAL Uncaught Error: Call to undefined function submit_button() in /var/www/html/wp-admin/includes/file.php:1767
Stack trace:
#0 /var/www/html/wp-content/plugins/trx_utils/includes/plugin.files.php(308): request_filesystem_credentials('http://sisbioec...', 'ftpext', false, false, Array)
#1 /var/www/html/wp-includes/class-wp-hook.php(286): trx_utils_init_filesystem('')
#2 /var/www/html/wp-includes/class-wp-hook.php(310): WP_Hook->apply_filters('', Array)
#3 /var/www/html/wp-includes/plugin.php(453): WP_Hook->do_action(Array)
#4 /var/www/html/wp-settings.php(434): do_action('after_setup_the...')
#5 /var/www/html/wp-config.php(81): require_once('/var/www/html/w...')
#6 /var/www/html/wp-load.php(37): require_once('/var/www/html/w...')
#7 /var/www/html/wp-admin/admin-ajax.php(22): require_once('/var/www/html/w...')
#8 {main}
  thrown in /var/www/html/wp-admin/includes/file.php on line 1767

2019-01-09T21:50:27+00:00 CRITICAL Uncaught Error: Call to undefined function submit_button() in /var/www/html/wp-admin/includes/file.php:1767
Stack trace:
#0 /var/www/html/wp-content/plugins/trx_utils/includes/plugin.files.php(308): request_filesystem_credentials('http://sisbioec...', 'ftpext', false, false, Array)
#1 /var/www/html/wp-includes/class-wp-hook.php(286): trx_utils_init_filesystem('')
#2 /var/www/html/wp-includes/class-wp-hook.php(310): WP_Hook->apply_filters('', Array)
#3 /var/www/html/wp-includes/plugin.php(453): WP_Hook->do_action(Array)
#4 /var/www/html/wp-settings.php(434): do_action('after_setup_the...')
#5 /var/www/html/wp-config.php(81): require_once('/var/www/html/w...')
#6 /var/www/html/wp-load.php(37): require_once('/var/www/html/w...')
#7 /var/www/html/wp-admin/admin-ajax.php(22): require_once('/var/www/html/w...')
#8 {main}
  thrown in /var/www/html/wp-admin/includes/file.php on line 1767

2019-01-09T21:52:27+00:00 CRITICAL Uncaught Error: Call to undefined function submit_button() in /var/www/html/wp-admin/includes/file.php:1767
Stack trace:
#0 /var/www/html/wp-content/plugins/trx_utils/includes/plugin.files.php(308): request_filesystem_credentials('http://sisbioec...', 'ftpext', false, false, Array)
#1 /var/www/html/wp-includes/class-wp-hook.php(286): trx_utils_init_filesystem('')
#2 /var/www/html/wp-includes/class-wp-hook.php(310): WP_Hook->apply_filters('', Array)
#3 /var/www/html/wp-includes/plugin.php(453): WP_Hook->do_action(Array)
#4 /var/www/html/wp-settings.php(434): do_action('after_setup_the...')
#5 /var/www/html/wp-config.php(81): require_once('/var/www/html/w...')
#6 /var/www/html/wp-load.php(37): require_once('/var/www/html/w...')
#7 /var/www/html/wp-admin/admin-ajax.php(22): require_once('/var/www/html/w...')
#8 {main}
  thrown in /var/www/html/wp-admin/includes/file.php on line 1767

2019-01-09T22:01:34+00:00 CRITICAL Uncaught Error: Call to undefined function submit_button() in /var/www/html/wp-admin/includes/file.php:1767
Stack trace:
#0 /var/www/html/wp-content/plugins/trx_utils/includes/plugin.files.php(308): request_filesystem_credentials('http://sisbioec...', 'ftpext', false, false, Array)
#1 /var/www/html/wp-includes/class-wp-hook.php(286): trx_utils_init_filesystem('')
#2 /var/www/html/wp-includes/class-wp-hook.php(310): WP_Hook->apply_filters('', Array)
#3 /var/www/html/wp-includes/plugin.php(453): WP_Hook->do_action(Array)
#4 /var/www/html/wp-settings.php(434): do_action('after_setup_the...')
#5 /var/www/html/wp-config.php(81): require_once('/var/www/html/w...')
#6 /var/www/html/wp-load.php(37): require_once('/var/www/html/w...')
#7 /var/www/html/wp-admin/admin-ajax.php(22): require_once('/var/www/html/w...')
#8 {main}
  thrown in /var/www/html/wp-admin/includes/file.php on line 1767

2019-01-09T22:01:37+00:00 CRITICAL Uncaught Error: Call to undefined function submit_button() in /var/www/html/wp-admin/includes/file.php:1767
Stack trace:
#0 /var/www/html/wp-content/plugins/trx_utils/includes/plugin.files.php(308): request_filesystem_credentials('http://sisbioec...', 'ftpext', false, false, Array)
#1 /var/www/html/wp-includes/class-wp-hook.php(286): trx_utils_init_filesystem('')
#2 /var/www/html/wp-includes/class-wp-hook.php(310): WP_Hook->apply_filters('', Array)
#3 /var/www/html/wp-includes/plugin.php(453): WP_Hook->do_action(Array)
#4 /var/www/html/wp-settings.php(434): do_action('after_setup_the...')
#5 /var/www/html/wp-config.php(81): require_once('/var/www/html/w...')
#6 /var/www/html/wp-load.php(37): require_once('/var/www/html/w...')
#7 /var/www/html/wp-admin/admin-ajax.php(22): require_once('/var/www/html/w...')
#8 {main}
  thrown in /var/www/html/wp-admin/includes/file.php on line 1767

